[Log] ****** navigator.requestMediaKeySystemAccess : function requestMediaKeySystemAccess() { (player.html, line 70)
    [native code]
}
[Log] InputEvent.install (shaka-player.compiled.debug.js, line 1585)
[Log] mathRound.install (shaka-player.compiled.debug.js, line 1586)
[Log] MediaSource.install (shaka-player.compiled.debug.js, line 1587)
[Info] Patching Safari 13 MSE bugs. (shaka-player.compiled.debug.js, line 1588)
[Info] Using Apple-prefixed EME (shaka-player.compiled.debug.js, line 1597)
[Log] VideoPlayPromise.install (shaka-player.compiled.debug.js, line 1694)
[Info] Using native VTTCue. (shaka-player.compiled.debug.js, line 1696)
[Debug] EmeEncryptionSchemePolyfill: Waiting to detect encryptionScheme support. (shaka-player.compiled.debug.js, line 1773)
[Debug] McEncryptionSchemePolyfill: Waiting to detect encryptionScheme support. (shaka-player.compiled.debug.js, line 1779)
[Log] ######## In initPlayer!  (player.html, line 90)
[Log] **** Params :: {"aid":"2"} (player.html, line 94)
[Log] Test (player.html, line 129)
[Log] appVersion is: 5.0 (Macintosh; Intel Mac OS X 10_15_7) AppleWebKit/605.1.15 (KHTML, like Gecko) Version/14.0 Safari/605.1.15 (player.html, line 48)
[Log]  isApple returned: true (player.html, line 144)
[Log] Configured player using decoded appCertB64  (player.html, line 153)
[Log] {drm: Object, manifest: Object, streaming: Object, offline: Object, abrFactory: function, …} (player.html, line 154)
[Log] configuring initDataTransform... (player.html, line 157)
[Warning] Unexpected number of arguments for .drm.initDataTransform (shaka-player.compiled.debug.js, line 741)
[Info] Starting attach... (shaka-player.compiled.debug.js, line 776)
[Info] Starting load of https://cdn:8080/contents/wl2/wl_fps.m3u8... (shaka-player.compiled.debug.js, line 781)
[Log] PatchedMediaKeysApple.requestMediaKeySystemAccess (shaka-player.compiled.debug.js, line 1598)
[Log] PatchedMediaKeysApple.MediaKeySystemAccess (shaka-player.compiled.debug.js, line 1603)
[Log] PatchedMediaKeysApple.MediaKeySystemAccess.getConfiguration (shaka-player.compiled.debug.js, line 1606)
[Debug] EmeEncryptionSchemePolyfill: No native encryptionScheme support found. Patching encryptionScheme support. (shaka-player.compiled.debug.js, line 1775)
[Log] PatchedMediaKeysApple.requestMediaKeySystemAccess (shaka-player.compiled.debug.js, line 1598)
[Log] PatchedMediaKeysApple.MediaKeySystemAccess (shaka-player.compiled.debug.js, line 1603)
[Log] PatchedMediaKeysApple.MediaKeySystemAccess.getConfiguration (shaka-player.compiled.debug.js, line 1606)
[Log] PatchedMediaKeysApple.MediaKeySystemAccess.createMediaKeys (shaka-player.compiled.debug.js, line 1606)
[Log] PatchedMediaKeysApple.MediaKeys (shaka-player.compiled.debug.js, line 1607)
[Info] Created MediaKeys object for key system – "com.apple.fps.1_0" (shaka-player.compiled.debug.js, line 293)
[Log] PatchedMediaKeysApple.MediaKeys.setServerCertificate (shaka-player.compiled.debug.js, line 1609)
[Warning] Server certificates are not supported by the key system.  The server certificate has been ignored. (shaka-player.compiled.debug.js, line 278)
[Log] PatchedMediaKeysApple.setMediaKeys (shaka-player.compiled.debug.js, line 1599)
[Error] Failed to load resource: the server responded with a status of 404 () (shaka-player.compiled.debug.map, line 0)
[Log] The video has now been loaded! (player.html, line 188)
[Log] PatchedMediaKeysApple.onWebkitNeedKey_ – WebKitMediaKeyNeededEvent {isTrusted: true, initData: Uint8Array, type: "webkitneedkey", …} (shaka-player.compiled.debug.js, line 1601)
WebKitMediaKeyNeededEvent {isTrusted: true, initData: Uint8Array, type: "webkitneedkey", target: <video id="video">, currentTarget: <video id="video">, …}WebKitMediaKeyNeededEvent
[Log] PatchedMediaKeysApple.MediaKeys.createSession (shaka-player.compiled.debug.js, line 1608)
[Log] PatchedMediaKeysApple.MediaKeySession (shaka-player.compiled.debug.js, line 1611)
[Log] ----------------> ------------------> initDataType IS skd!!!!!!! (player.html, line 163)
[Log] initDataType is  – "skd" (player.html, line 164)
[Log] Unable to find byte-order-mark, making an educated guess. (shaka-player.compiled.debug.js, line 193)
[Log] skdUri is:  – "skd://ZjNjNWUwMzYxZTY2NTRiMjhmODA0OWM3NzhiMjM5NDY=" (player.html, line 169)
[Log] keyid  is: – "ZjNjNWUwMzYxZTY2NTRiMjhmODA0OWM3NzhiMjM5NDY=" (player.html, line 171)
[Log] new keyid:  – "ZjNjNWUwMzYxZTY2NTRiMjhmODA0OWM3NzhiMjM5NDY=" (player.html, line 173)
[Log] Unable to find byte-order-mark, making an educated guess. (shaka-player.compiled.debug.js, line 193)
[Log] PatchedMediaKeysApple.MediaKeySession.generateRequest (shaka-player.compiled.debug.js, line 1613)
[Log] Ignoring duplicate init data. (shaka-player.compiled.debug.js, line 281)
[Log] PatchedMediaKeysApple.onWebkitKeyMessage_ – WebKitMediaKeyMessageEvent {isTrusted: true, message: Uint8Array, destinationURL: "", …} (shaka-player.compiled.debug.js, line 1617)
WebKitMediaKeyMessageEvent {isTrusted: true, message: Uint8Array, destinationURL: "", type: "webkitkeymessage", target: WebKitMediaKeySession, …}WebKitMediaKeyMessageEvent
[Log] cookie val: sduser (player.html, line 133)
[Log] PatchedMediaKeysApple.MediaKeySession.update (shaka-player.compiled.debug.js, line 1615)
[Log] PatchedMediaKeysApple.onWebkitKeyAdded_ – Event {isTrusted: true, type: "webkitkeyadded", target: WebKitMediaKeySession, …} (shaka-player.compiled.debug.js, line 1618)
Event {isTrusted: true, type: "webkitkeyadded", target: WebKitMediaKeySession, currentTarget: WebKitMediaKeySession, eventPhase: 2, …}Event
[Log] DRM Event. getDrmInfo... (player.html, line 196)
[Log] {keySystem: "com.apple.fps.1_0", licenseServerUri: "https://samplelsp:8443/LicenseServerProxy/fps", distinctiveIdentifierRequired: false, persistentStateRequired: false, audioRobustness: "", …} (player.html, line 197)
[Log] session Ids... (player.html, line 198)
[Log] ["135c307b-55dc-4d5c-a4b2-79c813c769e9"] (1) (player.html, line 199)
[Log] Key Status... (player.html, line 200)
[Log] {} (player.html, line 201)
[Log] Event detail... (player.html, line 202)
[Log] undefined (player.html, line 203)
[Error] Error code – 3016 – "object" – {severity: 2, category: 3, code: 3016, …}
{severity: 2, category: 3, code: 3016, data: [3, undefined, undefined], handled: false, …}Object
	onError (player.html:213)
	onErrorEvent (player.html:208)
	(anonymous function) (shaka-player.compiled.debug.js:227:387)
	(anonymous function) (shaka-player.compiled.debug.js:912:250)
	(anonymous function) (shaka-player.compiled.debug.js:914:100)
	(anonymous function) (shaka-player.compiled.debug.js:785:331)